Performing C SOURCE FILE Test CMAKE_HAVE_LIBC_PTHREAD failed with the following output:
Change Dir: /home/shadow/dev/shadoemu_gba/CMakeFiles/CMakeTmp

Run Build Command(s):/bin/make -f Makefile cmTC_fa0af/fast && /bin/make  -f CMakeFiles/cmTC_fa0af.dir/build.make CMakeFiles/cmTC_fa0af.dir/build
make[1]: Entering directory '/home/shadow/dev/shadoemu_gba/CMakeFiles/CMakeTmp'
Building C object CMakeFiles/cmTC_fa0af.dir/src.c.o
/bin/cc -DCMAKE_HAVE_LIBC_PTHREAD   -o CMakeFiles/cmTC_fa0af.dir/src.c.o -c /home/shadow/dev/shadoemu_gba/CMakeFiles/CMakeTmp/src.c
Linking C executable cmTC_fa0af
/usr/bin/cmake -E cmake_link_script CMakeFiles/cmTC_fa0af.dir/link.txt --verbose=1
/bin/cc -rdynamic CMakeFiles/cmTC_fa0af.dir/src.c.o -o cmTC_fa0af 
/bin/ld: CMakeFiles/cmTC_fa0af.dir/src.c.o: in function `main':
src.c:(.text+0x3e): undefined reference to `pthread_create'
/bin/ld: src.c:(.text+0x4a): undefined reference to `pthread_detach'
/bin/ld: src.c:(.text+0x56): undefined reference to `pthread_cancel'
/bin/ld: src.c:(.text+0x67): undefined reference to `pthread_join'
collect2: error: ld returned 1 exit status
make[1]: *** [CMakeFiles/cmTC_fa0af.dir/build.make:99: cmTC_fa0af] Error 1
make[1]: Leaving directory '/home/shadow/dev/shadoemu_gba/CMakeFiles/CMakeTmp'
make: *** [Makefile:127: cmTC_fa0af/fast] Error 2


Source file was:
#include <pthread.h>

static void* test_func(void* data)
{
  return data;
}

int main(void)
{
  pthread_t thread;
  pthread_create(&thread, NULL, test_func, NULL);
  pthread_detach(thread);
  pthread_cancel(thread);
  pthread_join(thread, NULL);
  pthread_atfork(NULL, NULL, NULL);
  pthread_exit(NULL);

  return 0;
}

Determining if the function pthread_create exists in the pthreads failed with the following output:
Change Dir: /home/shadow/dev/shadoemu_gba/CMakeFiles/CMakeTmp

Run Build Command(s):/bin/make -f Makefile cmTC_3037b/fast && /bin/make  -f CMakeFiles/cmTC_3037b.dir/build.make CMakeFiles/cmTC_3037b.dir/build
make[1]: Entering directory '/home/shadow/dev/shadoemu_gba/CMakeFiles/CMakeTmp'
Building C object CMakeFiles/cmTC_3037b.dir/CheckFunctionExists.c.o
/bin/cc   -DCHECK_FUNCTION_EXISTS=pthread_create -o CMakeFiles/cmTC_3037b.dir/CheckFunctionExists.c.o -c /usr/share/cmake-3.21/Modules/CheckFunctionExists.c
Linking C executable cmTC_3037b
/usr/bin/cmake -E cmake_link_script CMakeFiles/cmTC_3037b.dir/link.txt --verbose=1
/bin/cc  -DCHECK_FUNCTION_EXISTS=pthread_create -rdynamic CMakeFiles/cmTC_3037b.dir/CheckFunctionExists.c.o -o cmTC_3037b  -lpthreads 
/bin/ld: cannot find -lpthreads
collect2: error: ld returned 1 exit status
make[1]: *** [CMakeFiles/cmTC_3037b.dir/build.make:99: cmTC_3037b] Error 1
make[1]: Leaving directory '/home/shadow/dev/shadoemu_gba/CMakeFiles/CMakeTmp'
make: *** [Makefile:127: cmTC_3037b/fast] Error 2



