The system is: Linux - 5.13.10_1 - x86_64
Compiling the C compiler identification source file "CMakeCCompilerId.c" succeeded.
Compiler: /bin/cc 
Build flags: 
Id flags:  

The output was:
0


Compilation of the C compiler identification source "CMakeCCompilerId.c" produced "a.out"

The C compiler identification is GNU, found in "/home/shadow/dev/shadoemu_gba/CMakeFiles/3.21.1/CompilerIdC/a.out"

Detecting C compiler ABI info compiled with the following output:
Change Dir: /home/shadow/dev/shadoemu_gba/CMakeFiles/CMakeTmp

Run Build Command(s):/bin/make -f Makefile cmTC_af08b/fast && /bin/make  -f CMakeFiles/cmTC_af08b.dir/build.make CMakeFiles/cmTC_af08b.dir/build
make[1]: Entering directory '/home/shadow/dev/shadoemu_gba/CMakeFiles/CMakeTmp'
Building C object CMakeFiles/cmTC_af08b.dir/CMakeCCompilerABI.c.o
/bin/cc   -v -o CMakeFiles/cmTC_af08b.dir/CMakeCCompilerABI.c.o -c /usr/share/cmake-3.21/Modules/CMakeCCompilerABI.c
Reading specs from /usr/lib64/gcc/x86_64-unknown-linux-gnu/10.2.1/specs
COLLECT_GCC=/bin/cc
Target: x86_64-unknown-linux-gnu
Configured with: /builddir/gcc-10.2.1_pre1/configure --build=x86_64-unknown-linux-gnu --enable-gnu-unique-object --enable-vtable-verify --prefix=/usr --mandir=/usr/share/man --infodir=/usr/share/info --libexecdir=/usr/lib64 --libdir=/usr/lib64 --enable-threads=posix --enable-__cxa_atexit --disable-multilib --with-system-zlib --enable-shared --enable-lto --enable-plugins --enable-linker-build-id --disable-werror --disable-nls --enable-default-pie --enable-default-ssp --enable-checking=release --disable-libstdcxx-pch --with-isl --with-linker-hash-style=gnu --disable-sjlj-exceptions --disable-target-libiberty --enable-languages=c,c++,objc,obj-c++,fortran,lto,go,ada
Thread model: posix
Supported LTO compression algorithms: zlib
gcc version 10.2.1 20201203 (GCC) 
COLLECT_GCC_OPTIONS='-v' '-o' 'CMakeFiles/cmTC_af08b.dir/CMakeCCompilerABI.c.o' '-c' '-mtune=generic' '-march=x86-64'
 /usr/lib64/gcc/x86_64-unknown-linux-gnu/10.2.1/cc1 -quiet -v /usr/share/cmake-3.21/Modules/CMakeCCompilerABI.c -quiet -dumpbase CMakeCCompilerABI.c -mtune=generic -march=x86-64 -auxbase-strip CMakeFiles/cmTC_af08b.dir/CMakeCCompilerABI.c.o -version -o /tmp/cc8QkPg9.s
GNU C17 (GCC) version 10.2.1 20201203 (x86_64-unknown-linux-gnu)
	compiled by GNU C version 10.2.1 20201203, GMP version 6.2.0, MPFR version 4.1.0, MPC version 1.1.0, isl version isl-0.21-GMP

GGC heuristics: --param ggc-min-expand=100 --param ggc-min-heapsize=131072
ignoring nonexistent directory "/usr/lib64/gcc/x86_64-unknown-linux-gnu/10.2.1/../../../../x86_64-unknown-linux-gnu/include"
#include "..." search starts here:
#include <...> search starts here:
 /usr/lib64/gcc/x86_64-unknown-linux-gnu/10.2.1/include
 /usr/local/include
 /usr/lib64/gcc/x86_64-unknown-linux-gnu/10.2.1/include-fixed
 /usr/include
End of search list.
GNU C17 (GCC) version 10.2.1 20201203 (x86_64-unknown-linux-gnu)
	compiled by GNU C version 10.2.1 20201203, GMP version 6.2.0, MPFR version 4.1.0, MPC version 1.1.0, isl version isl-0.21-GMP

GGC heuristics: --param ggc-min-expand=100 --param ggc-min-heapsize=131072
Compiler executable checksum: cd9b8a2d760c33d69d07511fa88cb109
COLLECT_GCC_OPTIONS='-v' '-o' 'CMakeFiles/cmTC_af08b.dir/CMakeCCompilerABI.c.o' '-c' '-mtune=generic' '-march=x86-64'
 as -v --64 -o CMakeFiles/cmTC_af08b.dir/CMakeCCompilerABI.c.o /tmp/cc8QkPg9.s
GNU assembler version 2.35.1 (x86_64-unknown-linux-gnu) using BFD version (GNU Binutils) 2.35.1
COMPILER_PATH=/usr/lib64/gcc/x86_64-unknown-linux-gnu/10.2.1/:/usr/lib64/gcc/x86_64-unknown-linux-gnu/10.2.1/:/usr/lib64/gcc/x86_64-unknown-linux-gnu/:/usr/lib64/gcc/x86_64-unknown-linux-gnu/10.2.1/:/usr/lib64/gcc/x86_64-unknown-linux-gnu/
LIBRARY_PATH=/usr/lib64/gcc/x86_64-unknown-linux-gnu/10.2.1/:/usr/lib64/gcc/x86_64-unknown-linux-gnu/10.2.1/../../../../lib64/:/lib/../lib64/:/usr/lib/../lib64/:/usr/lib64/gcc/x86_64-unknown-linux-gnu/10.2.1/../../../:/lib/:/usr/lib/
COLLECT_GCC_OPTIONS='-v' '-o' 'CMakeFiles/cmTC_af08b.dir/CMakeCCompilerABI.c.o' '-c' '-mtune=generic' '-march=x86-64'
Linking C executable cmTC_af08b
/usr/bin/cmake -E cmake_link_script CMakeFiles/cmTC_af08b.dir/link.txt --verbose=1
/bin/cc  -v -rdynamic CMakeFiles/cmTC_af08b.dir/CMakeCCompilerABI.c.o -o cmTC_af08b 
Reading specs from /usr/lib64/gcc/x86_64-unknown-linux-gnu/10.2.1/specs
COLLECT_GCC=/bin/cc
COLLECT_LTO_WRAPPER=/usr/lib64/gcc/x86_64-unknown-linux-gnu/10.2.1/lto-wrapper
Target: x86_64-unknown-linux-gnu
Configured with: /builddir/gcc-10.2.1_pre1/configure --build=x86_64-unknown-linux-gnu --enable-gnu-unique-object --enable-vtable-verify --prefix=/usr --mandir=/usr/share/man --infodir=/usr/share/info --libexecdir=/usr/lib64 --libdir=/usr/lib64 --enable-threads=posix --enable-__cxa_atexit --disable-multilib --with-system-zlib --enable-shared --enable-lto --enable-plugins --enable-linker-build-id --disable-werror --disable-nls --enable-default-pie --enable-default-ssp --enable-checking=release --disable-libstdcxx-pch --with-isl --with-linker-hash-style=gnu --disable-sjlj-exceptions --disable-target-libiberty --enable-languages=c,c++,objc,obj-c++,fortran,lto,go,ada
Thread model: posix
Supported LTO compression algorithms: zlib
gcc version 10.2.1 20201203 (GCC) 
COMPILER_PATH=/usr/lib64/gcc/x86_64-unknown-linux-gnu/10.2.1/:/usr/lib64/gcc/x86_64-unknown-linux-gnu/10.2.1/:/usr/lib64/gcc/x86_64-unknown-linux-gnu/:/usr/lib64/gcc/x86_64-unknown-linux-gnu/10.2.1/:/usr/lib64/gcc/x86_64-unknown-linux-gnu/
LIBRARY_PATH=/usr/lib64/gcc/x86_64-unknown-linux-gnu/10.2.1/:/usr/lib64/gcc/x86_64-unknown-linux-gnu/10.2.1/../../../../lib64/:/lib/../lib64/:/usr/lib/../lib64/:/usr/lib64/gcc/x86_64-unknown-linux-gnu/10.2.1/../../../:/lib/:/usr/lib/
COLLECT_GCC_OPTIONS='-v' '-rdynamic' '-o' 'cmTC_af08b' '-mtune=generic' '-march=x86-64'
 /usr/lib64/gcc/x86_64-unknown-linux-gnu/10.2.1/collect2 -plugin /usr/lib64/gcc/x86_64-unknown-linux-gnu/10.2.1/liblto_plugin.so -plugin-opt=/usr/lib64/gcc/x86_64-unknown-linux-gnu/10.2.1/lto-wrapper -plugin-opt=-fresolution=/tmp/ccRDsTRx.res -plugin-opt=-pass-through=-lgcc -plugin-opt=-pass-through=-lgcc_s -plugin-opt=-pass-through=-lc -plugin-opt=-pass-through=-lgcc -plugin-opt=-pass-through=-lgcc_s --build-id --eh-frame-hdr --hash-style=gnu -m elf_x86_64 -export-dynamic -dynamic-linker /lib64/ld-linux-x86-64.so.2 -pie -o cmTC_af08b /usr/lib64/gcc/x86_64-unknown-linux-gnu/10.2.1/../../../../lib64/Scrt1.o /usr/lib64/gcc/x86_64-unknown-linux-gnu/10.2.1/../../../../lib64/crti.o /usr/lib64/gcc/x86_64-unknown-linux-gnu/10.2.1/crtbeginS.o -L/usr/lib64/gcc/x86_64-unknown-linux-gnu/10.2.1 -L/usr/lib64/gcc/x86_64-unknown-linux-gnu/10.2.1/../../../../lib64 -L/lib/../lib64 -L/usr/lib/../lib64 -L/usr/lib64/gcc/x86_64-unknown-linux-gnu/10.2.1/../../.. CMakeFiles/cmTC_af08b.dir/CMakeCCompilerABI.c.o -lgcc --push-state --as-needed -lgcc_s --pop-state -lc -lgcc --push-state --as-needed -lgcc_s --pop-state /usr/lib64/gcc/x86_64-unknown-linux-gnu/10.2.1/crtendS.o /usr/lib64/gcc/x86_64-unknown-linux-gnu/10.2.1/../../../../lib64/crtn.o
COLLECT_GCC_OPTIONS='-v' '-rdynamic' '-o' 'cmTC_af08b' '-mtune=generic' '-march=x86-64'
make[1]: Leaving directory '/home/shadow/dev/shadoemu_gba/CMakeFiles/CMakeTmp'



Parsed C implicit include dir info from above output: rv=done
  found start of include info
  found start of implicit include info
    add: [/usr/lib64/gcc/x86_64-unknown-linux-gnu/10.2.1/include]
    add: [/usr/local/include]
    add: [/usr/lib64/gcc/x86_64-unknown-linux-gnu/10.2.1/include-fixed]
    add: [/usr/include]
  end of search list found
  collapse include dir [/usr/lib64/gcc/x86_64-unknown-linux-gnu/10.2.1/include] ==> [/usr/lib64/gcc/x86_64-unknown-linux-gnu/10.2.1/include]
  collapse include dir [/usr/local/include] ==> [/usr/local/include]
  collapse include dir [/usr/lib64/gcc/x86_64-unknown-linux-gnu/10.2.1/include-fixed] ==> [/usr/lib64/gcc/x86_64-unknown-linux-gnu/10.2.1/include-fixed]
  collapse include dir [/usr/include] ==> [/usr/include]
  implicit include dirs: [/usr/lib64/gcc/x86_64-unknown-linux-gnu/10.2.1/include;/usr/local/include;/usr/lib64/gcc/x86_64-unknown-linux-gnu/10.2.1/include-fixed;/usr/include]


Parsed C implicit link information from above output:
  link line regex: [^( *|.*[/\])(ld|CMAKE_LINK_STARTFILE-NOTFOUND|([^/\]+-)?ld|collect2)[^/\]*( |$)]
  ignore line: [Change Dir: /home/shadow/dev/shadoemu_gba/CMakeFiles/CMakeTmp]
  ignore line: []
  ignore line: [Run Build Command(s):/bin/make -f Makefile cmTC_af08b/fast && /bin/make  -f CMakeFiles/cmTC_af08b.dir/build.make CMakeFiles/cmTC_af08b.dir/build]
  ignore line: [make[1]: Entering directory '/home/shadow/dev/shadoemu_gba/CMakeFiles/CMakeTmp']
  ignore line: [Building C object CMakeFiles/cmTC_af08b.dir/CMakeCCompilerABI.c.o]
  ignore line: [/bin/cc   -v -o CMakeFiles/cmTC_af08b.dir/CMakeCCompilerABI.c.o -c /usr/share/cmake-3.21/Modules/CMakeCCompilerABI.c]
  ignore line: [Reading specs from /usr/lib64/gcc/x86_64-unknown-linux-gnu/10.2.1/specs]
  ignore line: [COLLECT_GCC=/bin/cc]
  ignore line: [Target: x86_64-unknown-linux-gnu]
  ignore line: [Configured with: /builddir/gcc-10.2.1_pre1/configure --build=x86_64-unknown-linux-gnu --enable-gnu-unique-object --enable-vtable-verify --prefix=/usr --mandir=/usr/share/man --infodir=/usr/share/info --libexecdir=/usr/lib64 --libdir=/usr/lib64 --enable-threads=posix --enable-__cxa_atexit --disable-multilib --with-system-zlib --enable-shared --enable-lto --enable-plugins --enable-linker-build-id --disable-werror --disable-nls --enable-default-pie --enable-default-ssp --enable-checking=release --disable-libstdcxx-pch --with-isl --with-linker-hash-style=gnu --disable-sjlj-exceptions --disable-target-libiberty --enable-languages=c c++ objc obj-c++ fortran lto go ada]
  ignore line: [Thread model: posix]
  ignore line: [Supported LTO compression algorithms: zlib]
  ignore line: [gcc version 10.2.1 20201203 (GCC) ]
  ignore line: [COLLECT_GCC_OPTIONS='-v' '-o' 'CMakeFiles/cmTC_af08b.dir/CMakeCCompilerABI.c.o' '-c' '-mtune=generic' '-march=x86-64']
  ignore line: [ /usr/lib64/gcc/x86_64-unknown-linux-gnu/10.2.1/cc1 -quiet -v /usr/share/cmake-3.21/Modules/CMakeCCompilerABI.c -quiet -dumpbase CMakeCCompilerABI.c -mtune=generic -march=x86-64 -auxbase-strip CMakeFiles/cmTC_af08b.dir/CMakeCCompilerABI.c.o -version -o /tmp/cc8QkPg9.s]
  ignore line: [GNU C17 (GCC) version 10.2.1 20201203 (x86_64-unknown-linux-gnu)]
  ignore line: [	compiled by GNU C version 10.2.1 20201203  GMP version 6.2.0  MPFR version 4.1.0  MPC version 1.1.0  isl version isl-0.21-GMP]
  ignore line: []
  ignore line: [GGC heuristics: --param ggc-min-expand=100 --param ggc-min-heapsize=131072]
  ignore line: [ignoring nonexistent directory "/usr/lib64/gcc/x86_64-unknown-linux-gnu/10.2.1/../../../../x86_64-unknown-linux-gnu/include"]
  ignore line: [#include "..." search starts here:]
  ignore line: [#include <...> search starts here:]
  ignore line: [ /usr/lib64/gcc/x86_64-unknown-linux-gnu/10.2.1/include]
  ignore line: [ /usr/local/include]
  ignore line: [ /usr/lib64/gcc/x86_64-unknown-linux-gnu/10.2.1/include-fixed]
  ignore line: [ /usr/include]
  ignore line: [End of search list.]
  ignore line: [GNU C17 (GCC) version 10.2.1 20201203 (x86_64-unknown-linux-gnu)]
  ignore line: [	compiled by GNU C version 10.2.1 20201203  GMP version 6.2.0  MPFR version 4.1.0  MPC version 1.1.0  isl version isl-0.21-GMP]
  ignore line: []
  ignore line: [GGC heuristics: --param ggc-min-expand=100 --param ggc-min-heapsize=131072]
  ignore line: [Compiler executable checksum: cd9b8a2d760c33d69d07511fa88cb109]
  ignore line: [COLLECT_GCC_OPTIONS='-v' '-o' 'CMakeFiles/cmTC_af08b.dir/CMakeCCompilerABI.c.o' '-c' '-mtune=generic' '-march=x86-64']
  ignore line: [ as -v --64 -o CMakeFiles/cmTC_af08b.dir/CMakeCCompilerABI.c.o /tmp/cc8QkPg9.s]
  ignore line: [GNU assembler version 2.35.1 (x86_64-unknown-linux-gnu) using BFD version (GNU Binutils) 2.35.1]
  ignore line: [COMPILER_PATH=/usr/lib64/gcc/x86_64-unknown-linux-gnu/10.2.1/:/usr/lib64/gcc/x86_64-unknown-linux-gnu/10.2.1/:/usr/lib64/gcc/x86_64-unknown-linux-gnu/:/usr/lib64/gcc/x86_64-unknown-linux-gnu/10.2.1/:/usr/lib64/gcc/x86_64-unknown-linux-gnu/]
  ignore line: [LIBRARY_PATH=/usr/lib64/gcc/x86_64-unknown-linux-gnu/10.2.1/:/usr/lib64/gcc/x86_64-unknown-linux-gnu/10.2.1/../../../../lib64/:/lib/../lib64/:/usr/lib/../lib64/:/usr/lib64/gcc/x86_64-unknown-linux-gnu/10.2.1/../../../:/lib/:/usr/lib/]
  ignore line: [COLLECT_GCC_OPTIONS='-v' '-o' 'CMakeFiles/cmTC_af08b.dir/CMakeCCompilerABI.c.o' '-c' '-mtune=generic' '-march=x86-64']
  ignore line: [Linking C executable cmTC_af08b]
  ignore line: [/usr/bin/cmake -E cmake_link_script CMakeFiles/cmTC_af08b.dir/link.txt --verbose=1]
  ignore line: [/bin/cc  -v -rdynamic CMakeFiles/cmTC_af08b.dir/CMakeCCompilerABI.c.o -o cmTC_af08b ]
  ignore line: [Reading specs from /usr/lib64/gcc/x86_64-unknown-linux-gnu/10.2.1/specs]
  ignore line: [COLLECT_GCC=/bin/cc]
  ignore line: [COLLECT_LTO_WRAPPER=/usr/lib64/gcc/x86_64-unknown-linux-gnu/10.2.1/lto-wrapper]
  ignore line: [Target: x86_64-unknown-linux-gnu]
  ignore line: [Configured with: /builddir/gcc-10.2.1_pre1/configure --build=x86_64-unknown-linux-gnu --enable-gnu-unique-object --enable-vtable-verify --prefix=/usr --mandir=/usr/share/man --infodir=/usr/share/info --libexecdir=/usr/lib64 --libdir=/usr/lib64 --enable-threads=posix --enable-__cxa_atexit --disable-multilib --with-system-zlib --enable-shared --enable-lto --enable-plugins --enable-linker-build-id --disable-werror --disable-nls --enable-default-pie --enable-default-ssp --enable-checking=release --disable-libstdcxx-pch --with-isl --with-linker-hash-style=gnu --disable-sjlj-exceptions --disable-target-libiberty --enable-languages=c c++ objc obj-c++ fortran lto go ada]
  ignore line: [Thread model: posix]
  ignore line: [Supported LTO compression algorithms: zlib]
  ignore line: [gcc version 10.2.1 20201203 (GCC) ]
  ignore line: [COMPILER_PATH=/usr/lib64/gcc/x86_64-unknown-linux-gnu/10.2.1/:/usr/lib64/gcc/x86_64-unknown-linux-gnu/10.2.1/:/usr/lib64/gcc/x86_64-unknown-linux-gnu/:/usr/lib64/gcc/x86_64-unknown-linux-gnu/10.2.1/:/usr/lib64/gcc/x86_64-unknown-linux-gnu/]
  ignore line: [LIBRARY_PATH=/usr/lib64/gcc/x86_64-unknown-linux-gnu/10.2.1/:/usr/lib64/gcc/x86_64-unknown-linux-gnu/10.2.1/../../../../lib64/:/lib/../lib64/:/usr/lib/../lib64/:/usr/lib64/gcc/x86_64-unknown-linux-gnu/10.2.1/../../../:/lib/:/usr/lib/]
  ignore line: [COLLECT_GCC_OPTIONS='-v' '-rdynamic' '-o' 'cmTC_af08b' '-mtune=generic' '-march=x86-64']
  link line: [ /usr/lib64/gcc/x86_64-unknown-linux-gnu/10.2.1/collect2 -plugin /usr/lib64/gcc/x86_64-unknown-linux-gnu/10.2.1/liblto_plugin.so -plugin-opt=/usr/lib64/gcc/x86_64-unknown-linux-gnu/10.2.1/lto-wrapper -plugin-opt=-fresolution=/tmp/ccRDsTRx.res -plugin-opt=-pass-through=-lgcc -plugin-opt=-pass-through=-lgcc_s -plugin-opt=-pass-through=-lc -plugin-opt=-pass-through=-lgcc -plugin-opt=-pass-through=-lgcc_s --build-id --eh-frame-hdr --hash-style=gnu -m elf_x86_64 -export-dynamic -dynamic-linker /lib64/ld-linux-x86-64.so.2 -pie -o cmTC_af08b /usr/lib64/gcc/x86_64-unknown-linux-gnu/10.2.1/../../../../lib64/Scrt1.o /usr/lib64/gcc/x86_64-unknown-linux-gnu/10.2.1/../../../../lib64/crti.o /usr/lib64/gcc/x86_64-unknown-linux-gnu/10.2.1/crtbeginS.o -L/usr/lib64/gcc/x86_64-unknown-linux-gnu/10.2.1 -L/usr/lib64/gcc/x86_64-unknown-linux-gnu/10.2.1/../../../../lib64 -L/lib/../lib64 -L/usr/lib/../lib64 -L/usr/lib64/gcc/x86_64-unknown-linux-gnu/10.2.1/../../.. CMakeFiles/cmTC_af08b.dir/CMakeCCompilerABI.c.o -lgcc --push-state --as-needed -lgcc_s --pop-state -lc -lgcc --push-state --as-needed -lgcc_s --pop-state /usr/lib64/gcc/x86_64-unknown-linux-gnu/10.2.1/crtendS.o /usr/lib64/gcc/x86_64-unknown-linux-gnu/10.2.1/../../../../lib64/crtn.o]
    arg [/usr/lib64/gcc/x86_64-unknown-linux-gnu/10.2.1/collect2] ==> ignore
    arg [-plugin] ==> ignore
    arg [/usr/lib64/gcc/x86_64-unknown-linux-gnu/10.2.1/liblto_plugin.so] ==> ignore
    arg [-plugin-opt=/usr/lib64/gcc/x86_64-unknown-linux-gnu/10.2.1/lto-wrapper] ==> ignore
    arg [-plugin-opt=-fresolution=/tmp/ccRDsTRx.res] ==> ignore
    arg [-plugin-opt=-pass-through=-lgcc] ==> ignore
    arg [-plugin-opt=-pass-through=-lgcc_s] ==> ignore
    arg [-plugin-opt=-pass-through=-lc] ==> ignore
    arg [-plugin-opt=-pass-through=-lgcc] ==> ignore
    arg [-plugin-opt=-pass-through=-lgcc_s] ==> ignore
    arg [--build-id] ==> ignore
    arg [--eh-frame-hdr] ==> ignore
    arg [--hash-style=gnu] ==> ignore
    arg [-m] ==> ignore
    arg [elf_x86_64] ==> ignore
    arg [-export-dynamic] ==> ignore
    arg [-dynamic-linker] ==> ignore
    arg [/lib64/ld-linux-x86-64.so.2] ==> ignore
    arg [-pie] ==> ignore
    arg [-o] ==> ignore
    arg [cmTC_af08b] ==> ignore
    arg [/usr/lib64/gcc/x86_64-unknown-linux-gnu/10.2.1/../../../../lib64/Scrt1.o] ==> obj [/usr/lib64/gcc/x86_64-unknown-linux-gnu/10.2.1/../../../../lib64/Scrt1.o]
    arg [/usr/lib64/gcc/x86_64-unknown-linux-gnu/10.2.1/../../../../lib64/crti.o] ==> obj [/usr/lib64/gcc/x86_64-unknown-linux-gnu/10.2.1/../../../../lib64/crti.o]
    arg [/usr/lib64/gcc/x86_64-unknown-linux-gnu/10.2.1/crtbeginS.o] ==> obj [/usr/lib64/gcc/x86_64-unknown-linux-gnu/10.2.1/crtbeginS.o]
    arg [-L/usr/lib64/gcc/x86_64-unknown-linux-gnu/10.2.1] ==> dir [/usr/lib64/gcc/x86_64-unknown-linux-gnu/10.2.1]
    arg [-L/usr/lib64/gcc/x86_64-unknown-linux-gnu/10.2.1/../../../../lib64] ==> dir [/usr/lib64/gcc/x86_64-unknown-linux-gnu/10.2.1/../../../../lib64]
    arg [-L/lib/../lib64] ==> dir [/lib/../lib64]
    arg [-L/usr/lib/../lib64] ==> dir [/usr/lib/../lib64]
    arg [-L/usr/lib64/gcc/x86_64-unknown-linux-gnu/10.2.1/../../..] ==> dir [/usr/lib64/gcc/x86_64-unknown-linux-gnu/10.2.1/../../..]
    arg [CMakeFiles/cmTC_af08b.dir/CMakeCCompilerABI.c.o] ==> ignore
    arg [-lgcc] ==> lib [gcc]
    arg [--push-state] ==> ignore
    arg [--as-needed] ==> ignore
    arg [-lgcc_s] ==> lib [gcc_s]
    arg [--pop-state] ==> ignore
    arg [-lc] ==> lib [c]
    arg [-lgcc] ==> lib [gcc]
    arg [--push-state] ==> ignore
    arg [--as-needed] ==> ignore
    arg [-lgcc_s] ==> lib [gcc_s]
    arg [--pop-state] ==> ignore
    arg [/usr/lib64/gcc/x86_64-unknown-linux-gnu/10.2.1/crtendS.o] ==> obj [/usr/lib64/gcc/x86_64-unknown-linux-gnu/10.2.1/crtendS.o]
    arg [/usr/lib64/gcc/x86_64-unknown-linux-gnu/10.2.1/../../../../lib64/crtn.o] ==> obj [/usr/lib64/gcc/x86_64-unknown-linux-gnu/10.2.1/../../../../lib64/crtn.o]
  collapse obj [/usr/lib64/gcc/x86_64-unknown-linux-gnu/10.2.1/../../../../lib64/Scrt1.o] ==> [/usr/lib64/Scrt1.o]
  collapse obj [/usr/lib64/gcc/x86_64-unknown-linux-gnu/10.2.1/../../../../lib64/crti.o] ==> [/usr/lib64/crti.o]
  collapse obj [/usr/lib64/gcc/x86_64-unknown-linux-gnu/10.2.1/../../../../lib64/crtn.o] ==> [/usr/lib64/crtn.o]
  collapse library dir [/usr/lib64/gcc/x86_64-unknown-linux-gnu/10.2.1] ==> [/usr/lib64/gcc/x86_64-unknown-linux-gnu/10.2.1]
  collapse library dir [/usr/lib64/gcc/x86_64-unknown-linux-gnu/10.2.1/../../../../lib64] ==> [/usr/lib64]
  collapse library dir [/lib/../lib64] ==> [/lib64]
  collapse library dir [/usr/lib/../lib64] ==> [/usr/lib64]
  collapse library dir [/usr/lib64/gcc/x86_64-unknown-linux-gnu/10.2.1/../../..] ==> [/usr/lib64]
  implicit libs: [gcc;gcc_s;c;gcc;gcc_s]
  implicit objs: [/usr/lib64/Scrt1.o;/usr/lib64/crti.o;/usr/lib64/gcc/x86_64-unknown-linux-gnu/10.2.1/crtbeginS.o;/usr/lib64/gcc/x86_64-unknown-linux-gnu/10.2.1/crtendS.o;/usr/lib64/crtn.o]
  implicit dirs: [/usr/lib64/gcc/x86_64-unknown-linux-gnu/10.2.1;/usr/lib64;/lib64]
  implicit fwks: []


Determining if files ;stdlib.h exist passed with the following output:
Change Dir: /home/shadow/dev/shadoemu_gba/CMakeFiles/CMakeTmp

Run Build Command(s):/bin/make -f Makefile cmTC_17209/fast && /bin/make  -f CMakeFiles/cmTC_17209.dir/build.make CMakeFiles/cmTC_17209.dir/build
make[1]: Entering directory '/home/shadow/dev/shadoemu_gba/CMakeFiles/CMakeTmp'
Building C object CMakeFiles/cmTC_17209.dir/HAVE_STDLIB_H.c.o
/bin/cc    -o CMakeFiles/cmTC_17209.dir/HAVE_STDLIB_H.c.o -c /home/shadow/dev/shadoemu_gba/CMakeFiles/CheckIncludeFiles/HAVE_STDLIB_H.c
Linking C executable cmTC_17209
/usr/bin/cmake -E cmake_link_script CMakeFiles/cmTC_17209.dir/link.txt --verbose=1
/bin/cc -rdynamic CMakeFiles/cmTC_17209.dir/HAVE_STDLIB_H.c.o -o cmTC_17209 
make[1]: Leaving directory '/home/shadow/dev/shadoemu_gba/CMakeFiles/CMakeTmp'



Determining if the include file sys/types.h exists passed with the following output:
Change Dir: /home/shadow/dev/shadoemu_gba/CMakeFiles/CMakeTmp

Run Build Command(s):/bin/make -f Makefile cmTC_37b8f/fast && /bin/make  -f CMakeFiles/cmTC_37b8f.dir/build.make CMakeFiles/cmTC_37b8f.dir/build
make[1]: Entering directory '/home/shadow/dev/shadoemu_gba/CMakeFiles/CMakeTmp'
Building C object CMakeFiles/cmTC_37b8f.dir/CheckIncludeFile.c.o
/bin/cc    -o CMakeFiles/cmTC_37b8f.dir/CheckIncludeFile.c.o -c /home/shadow/dev/shadoemu_gba/CMakeFiles/CMakeTmp/CheckIncludeFile.c
Linking C executable cmTC_37b8f
/usr/bin/cmake -E cmake_link_script CMakeFiles/cmTC_37b8f.dir/link.txt --verbose=1
/bin/cc -rdynamic CMakeFiles/cmTC_37b8f.dir/CheckIncludeFile.c.o -o cmTC_37b8f 
make[1]: Leaving directory '/home/shadow/dev/shadoemu_gba/CMakeFiles/CMakeTmp'



Determining if the include file stdint.h exists passed with the following output:
Change Dir: /home/shadow/dev/shadoemu_gba/CMakeFiles/CMakeTmp

Run Build Command(s):/bin/make -f Makefile cmTC_3b253/fast && /bin/make  -f CMakeFiles/cmTC_3b253.dir/build.make CMakeFiles/cmTC_3b253.dir/build
make[1]: Entering directory '/home/shadow/dev/shadoemu_gba/CMakeFiles/CMakeTmp'
Building C object CMakeFiles/cmTC_3b253.dir/CheckIncludeFile.c.o
/bin/cc    -o CMakeFiles/cmTC_3b253.dir/CheckIncludeFile.c.o -c /home/shadow/dev/shadoemu_gba/CMakeFiles/CMakeTmp/CheckIncludeFile.c
Linking C executable cmTC_3b253
/usr/bin/cmake -E cmake_link_script CMakeFiles/cmTC_3b253.dir/link.txt --verbose=1
/bin/cc -rdynamic CMakeFiles/cmTC_3b253.dir/CheckIncludeFile.c.o -o cmTC_3b253 
make[1]: Leaving directory '/home/shadow/dev/shadoemu_gba/CMakeFiles/CMakeTmp'



Determining if the include file stddef.h exists passed with the following output:
Change Dir: /home/shadow/dev/shadoemu_gba/CMakeFiles/CMakeTmp

Run Build Command(s):/bin/make -f Makefile cmTC_d1c36/fast && /bin/make  -f CMakeFiles/cmTC_d1c36.dir/build.make CMakeFiles/cmTC_d1c36.dir/build
make[1]: Entering directory '/home/shadow/dev/shadoemu_gba/CMakeFiles/CMakeTmp'
Building C object CMakeFiles/cmTC_d1c36.dir/CheckIncludeFile.c.o
/bin/cc    -o CMakeFiles/cmTC_d1c36.dir/CheckIncludeFile.c.o -c /home/shadow/dev/shadoemu_gba/CMakeFiles/CMakeTmp/CheckIncludeFile.c
Linking C executable cmTC_d1c36
/usr/bin/cmake -E cmake_link_script CMakeFiles/cmTC_d1c36.dir/link.txt --verbose=1
/bin/cc -rdynamic CMakeFiles/cmTC_d1c36.dir/CheckIncludeFile.c.o -o cmTC_d1c36 
make[1]: Leaving directory '/home/shadow/dev/shadoemu_gba/CMakeFiles/CMakeTmp'



Determining size of intmax_t passed with the following output:
Change Dir: /home/shadow/dev/shadoemu_gba/CMakeFiles/CMakeTmp

Run Build Command(s):/bin/make -f Makefile cmTC_ea5e3/fast && /bin/make  -f CMakeFiles/cmTC_ea5e3.dir/build.make CMakeFiles/cmTC_ea5e3.dir/build
make[1]: Entering directory '/home/shadow/dev/shadoemu_gba/CMakeFiles/CMakeTmp'
Building C object CMakeFiles/cmTC_ea5e3.dir/INTMAX_T.c.o
/bin/cc    -o CMakeFiles/cmTC_ea5e3.dir/INTMAX_T.c.o -c /home/shadow/dev/shadoemu_gba/CMakeFiles/CheckTypeSize/INTMAX_T.c
Linking C executable cmTC_ea5e3
/usr/bin/cmake -E cmake_link_script CMakeFiles/cmTC_ea5e3.dir/link.txt --verbose=1
/bin/cc -rdynamic CMakeFiles/cmTC_ea5e3.dir/INTMAX_T.c.o -o cmTC_ea5e3 
make[1]: Leaving directory '/home/shadow/dev/shadoemu_gba/CMakeFiles/CMakeTmp'



Determining size of uintmax_t passed with the following output:
Change Dir: /home/shadow/dev/shadoemu_gba/CMakeFiles/CMakeTmp

Run Build Command(s):/bin/make -f Makefile cmTC_1170c/fast && /bin/make  -f CMakeFiles/cmTC_1170c.dir/build.make CMakeFiles/cmTC_1170c.dir/build
make[1]: Entering directory '/home/shadow/dev/shadoemu_gba/CMakeFiles/CMakeTmp'
Building C object CMakeFiles/cmTC_1170c.dir/UINTMAX_T.c.o
/bin/cc    -o CMakeFiles/cmTC_1170c.dir/UINTMAX_T.c.o -c /home/shadow/dev/shadoemu_gba/CMakeFiles/CheckTypeSize/UINTMAX_T.c
Linking C executable cmTC_1170c
/usr/bin/cmake -E cmake_link_script CMakeFiles/cmTC_1170c.dir/link.txt --verbose=1
/bin/cc -rdynamic CMakeFiles/cmTC_1170c.dir/UINTMAX_T.c.o -o cmTC_1170c 
make[1]: Leaving directory '/home/shadow/dev/shadoemu_gba/CMakeFiles/CMakeTmp'



Determining size of pid_t passed with the following output:
Change Dir: /home/shadow/dev/shadoemu_gba/CMakeFiles/CMakeTmp

Run Build Command(s):/bin/make -f Makefile cmTC_e0ced/fast && /bin/make  -f CMakeFiles/cmTC_e0ced.dir/build.make CMakeFiles/cmTC_e0ced.dir/build
make[1]: Entering directory '/home/shadow/dev/shadoemu_gba/CMakeFiles/CMakeTmp'
Building C object CMakeFiles/cmTC_e0ced.dir/PID_T.c.o
/bin/cc    -o CMakeFiles/cmTC_e0ced.dir/PID_T.c.o -c /home/shadow/dev/shadoemu_gba/CMakeFiles/CheckTypeSize/PID_T.c
Linking C executable cmTC_e0ced
/usr/bin/cmake -E cmake_link_script CMakeFiles/cmTC_e0ced.dir/link.txt --verbose=1
/bin/cc -rdynamic CMakeFiles/cmTC_e0ced.dir/PID_T.c.o -o cmTC_e0ced 
make[1]: Leaving directory '/home/shadow/dev/shadoemu_gba/CMakeFiles/CMakeTmp'



Determining if the include file pthread.h exists passed with the following output:
Change Dir: /home/shadow/dev/shadoemu_gba/CMakeFiles/CMakeTmp

Run Build Command(s):/bin/make -f Makefile cmTC_67ff4/fast && /bin/make  -f CMakeFiles/cmTC_67ff4.dir/build.make CMakeFiles/cmTC_67ff4.dir/build
make[1]: Entering directory '/home/shadow/dev/shadoemu_gba/CMakeFiles/CMakeTmp'
Building C object CMakeFiles/cmTC_67ff4.dir/CheckIncludeFile.c.o
/bin/cc    -o CMakeFiles/cmTC_67ff4.dir/CheckIncludeFile.c.o -c /home/shadow/dev/shadoemu_gba/CMakeFiles/CMakeTmp/CheckIncludeFile.c
Linking C executable cmTC_67ff4
/usr/bin/cmake -E cmake_link_script CMakeFiles/cmTC_67ff4.dir/link.txt --verbose=1
/bin/cc -rdynamic CMakeFiles/cmTC_67ff4.dir/CheckIncludeFile.c.o -o cmTC_67ff4 
make[1]: Leaving directory '/home/shadow/dev/shadoemu_gba/CMakeFiles/CMakeTmp'



Determining if the function pthread_create exists in the pthread passed with the following output:
Change Dir: /home/shadow/dev/shadoemu_gba/CMakeFiles/CMakeTmp

Run Build Command(s):/bin/make -f Makefile cmTC_c20d8/fast && /bin/make  -f CMakeFiles/cmTC_c20d8.dir/build.make CMakeFiles/cmTC_c20d8.dir/build
make[1]: Entering directory '/home/shadow/dev/shadoemu_gba/CMakeFiles/CMakeTmp'
Building C object CMakeFiles/cmTC_c20d8.dir/CheckFunctionExists.c.o
/bin/cc   -DCHECK_FUNCTION_EXISTS=pthread_create -o CMakeFiles/cmTC_c20d8.dir/CheckFunctionExists.c.o -c /usr/share/cmake-3.21/Modules/CheckFunctionExists.c
Linking C executable cmTC_c20d8
/usr/bin/cmake -E cmake_link_script CMakeFiles/cmTC_c20d8.dir/link.txt --verbose=1
/bin/cc  -DCHECK_FUNCTION_EXISTS=pthread_create -rdynamic CMakeFiles/cmTC_c20d8.dir/CheckFunctionExists.c.o -o cmTC_c20d8  -lpthread 
make[1]: Leaving directory '/home/shadow/dev/shadoemu_gba/CMakeFiles/CMakeTmp'



